Analysis & Synthesis report for projeto_final
Fri Dec 12 09:40:32 2025
Quartus II 64-Bit Version 13.0.1 Build 232 06/12/2013 Service Pack 1 SJ Web Edition


---------------------
; Table of Contents ;
---------------------
  1. Legal Notice
  2. Analysis & Synthesis Summary
  3. Analysis & Synthesis Settings
  4. Parallel Compilation
  5. Analysis & Synthesis Source Files Read
  6. Analysis & Synthesis Resource Usage Summary
  7. Analysis & Synthesis Resource Utilization by Entity
  8. State Machine - |Projeto_final|bloco_de_controle:controle_inst|estado_atual
  9. General Register Statistics
 10. Port Connectivity Checks: "ula:ula_inst|multiplicador4bits:mult_inst"
 11. Port Connectivity Checks: "ula:ula_inst"
 12. Port Connectivity Checks: "bloco_de_controle:controle_inst"
 13. Elapsed Time Per Partition
 14. Analysis & Synthesis Messages



----------------
; Legal Notice ;
----------------
Copyright (C) 1991-2013 Altera Corporation
Your use of Altera Corporation's design tools, logic functions 
and other software and tools, and its AMPP partner logic 
functions, and any output files from any of the foregoing 
(including device programming or simulation files), and any 
associated documentation or information are expressly subject 
to the terms and conditions of the Altera Program License 
Subscription Agreement, Altera MegaCore Function License 
Agreement, or other applicable license agreement, including, 
without limitation, that your use is for the sole purpose of 
programming logic devices manufactured by Altera and sold by 
Altera or its authorized distributors.  Please refer to the 
applicable agreement for further details.



+--------------------------------------------------------------------------------------+
; Analysis & Synthesis Summary                                                         ;
+------------------------------------+-------------------------------------------------+
; Analysis & Synthesis Status        ; Successful - Fri Dec 12 09:40:32 2025           ;
; Quartus II 64-Bit Version          ; 13.0.1 Build 232 06/12/2013 SP 1 SJ Web Edition ;
; Revision Name                      ; projeto_final                                   ;
; Top-level Entity Name              ; Projeto_final                                   ;
; Family                             ; Cyclone II                                      ;
; Total logic elements               ; 7                                               ;
;     Total combinational functions  ; 7                                               ;
;     Dedicated logic registers      ; 7                                               ;
; Total registers                    ; 7                                               ;
; Total pins                         ; 15                                              ;
; Total virtual pins                 ; 0                                               ;
; Total memory bits                  ; 0                                               ;
; Embedded Multiplier 9-bit elements ; 0                                               ;
; Total PLLs                         ; 0                                               ;
+------------------------------------+-------------------------------------------------+


+----------------------------------------------------------------------------------------------------------------------+
; Analysis & Synthesis Settings                                                                                        ;
+----------------------------------------------------------------------------+--------------------+--------------------+
; Option                                                                     ; Setting            ; Default Value      ;
+----------------------------------------------------------------------------+--------------------+--------------------+
; Device                                                                     ; EP2C35F672C6       ;                    ;
; Top-level entity name                                                      ; projeto_final      ; projeto_final      ;
; Family name                                                                ; Cyclone II         ; Cyclone IV GX      ;
; Use smart compilation                                                      ; Off                ; Off                ;
; Enable parallel Assembler and TimeQuest Timing Analyzer during compilation ; On                 ; On                 ;
; Enable compact report table                                                ; Off                ; Off                ;
; Restructure Multiplexers                                                   ; Auto               ; Auto               ;
; Create Debugging Nodes for IP Cores                                        ; Off                ; Off                ;
; Preserve fewer node names                                                  ; On                 ; On                 ;
; Disable OpenCore Plus hardware evaluation                                  ; Off                ; Off                ;
; Verilog Version                                                            ; Verilog_2001       ; Verilog_2001       ;
; VHDL Version                                                               ; VHDL_1993          ; VHDL_1993          ;
; State Machine Processing                                                   ; Auto               ; Auto               ;
; Safe State Machine                                                         ; Off                ; Off                ;
; Extract Verilog State Machines                                             ; On                 ; On                 ;
; Extract VHDL State Machines                                                ; On                 ; On                 ;
; Ignore Verilog initial constructs                                          ; Off                ; Off                ;
; Iteration limit for constant Verilog loops                                 ; 5000               ; 5000               ;
; Iteration limit for non-constant Verilog loops                             ; 250                ; 250                ;
; Add Pass-Through Logic to Inferred RAMs                                    ; On                 ; On                 ;
; Infer RAMs from Raw Logic                                                  ; On                 ; On                 ;
; Parallel Synthesis                                                         ; On                 ; On                 ;
; DSP Block Balancing                                                        ; Auto               ; Auto               ;
; NOT Gate Push-Back                                                         ; On                 ; On                 ;
; Power-Up Don't Care                                                        ; On                 ; On                 ;
; Remove Redundant Logic Cells                                               ; Off                ; Off                ;
; Remove Duplicate Registers                                                 ; On                 ; On                 ;
; Ignore CARRY Buffers                                                       ; Off                ; Off                ;
; Ignore CASCADE Buffers                                                     ; Off                ; Off                ;
; Ignore GLOBAL Buffers                                                      ; Off                ; Off                ;
; Ignore ROW GLOBAL Buffers                                                  ; Off                ; Off                ;
; Ignore LCELL Buffers                                                       ; Off                ; Off                ;
; Ignore SOFT Buffers                                                        ; On                 ; On                 ;
; Limit AHDL Integers to 32 Bits                                             ; Off                ; Off                ;
; Optimization Technique                                                     ; Balanced           ; Balanced           ;
; Carry Chain Length                                                         ; 70                 ; 70                 ;
; Auto Carry Chains                                                          ; On                 ; On                 ;
; Auto Open-Drain Pins                                                       ; On                 ; On                 ;
; Perform WYSIWYG Primitive Resynthesis                                      ; Off                ; Off                ;
; Auto ROM Replacement                                                       ; On                 ; On                 ;
; Auto RAM Replacement                                                       ; On                 ; On                 ;
; Auto Shift Register Replacement                                            ; Auto               ; Auto               ;
; Allow Shift Register Merging across Hierarchies                            ; Auto               ; Auto               ;
; Auto Clock Enable Replacement                                              ; On                 ; On                 ;
; Strict RAM Replacement                                                     ; Off                ; Off                ;
; Allow Synchronous Control Signals                                          ; On                 ; On                 ;
; Force Use of Synchronous Clear Signals                                     ; Off                ; Off                ;
; Auto RAM to Logic Cell Conversion                                          ; Off                ; Off                ;
; Auto Resource Sharing                                                      ; Off                ; Off                ;
; Allow Any RAM Size For Recognition                                         ; Off                ; Off                ;
; Allow Any ROM Size For Recognition                                         ; Off                ; Off                ;
; Allow Any Shift Register Size For Recognition                              ; Off                ; Off                ;
; Use LogicLock Constraints during Resource Balancing                        ; On                 ; On                 ;
; Ignore translate_off and synthesis_off directives                          ; Off                ; Off                ;
; Timing-Driven Synthesis                                                    ; Off                ; Off                ;
; Report Parameter Settings                                                  ; On                 ; On                 ;
; Report Source Assignments                                                  ; On                 ; On                 ;
; Report Connectivity Checks                                                 ; On                 ; On                 ;
; Ignore Maximum Fan-Out Assignments                                         ; Off                ; Off                ;
; Synchronization Register Chain Length                                      ; 2                  ; 2                  ;
; PowerPlay Power Optimization                                               ; Normal compilation ; Normal compilation ;
; HDL message level                                                          ; Level2             ; Level2             ;
; Suppress Register Optimization Related Messages                            ; Off                ; Off                ;
; Number of Removed Registers Reported in Synthesis Report                   ; 5000               ; 5000               ;
; Number of Swept Nodes Reported in Synthesis Report                         ; 5000               ; 5000               ;
; Number of Inverted Registers Reported in Synthesis Report                  ; 100                ; 100                ;
; Clock MUX Protection                                                       ; On                 ; On                 ;
; Auto Gated Clock Conversion                                                ; Off                ; Off                ;
; Block Design Naming                                                        ; Auto               ; Auto               ;
; SDC constraint protection                                                  ; Off                ; Off                ;
; Synthesis Effort                                                           ; Auto               ; Auto               ;
; Shift Register Replacement - Allow Asynchronous Clear Signal               ; On                 ; On                 ;
; Pre-Mapping Resynthesis Optimization                                       ; Off                ; Off                ;
; Analysis & Synthesis Message Level                                         ; Medium             ; Medium             ;
; Disable Register Merging Across Hierarchies                                ; Auto               ; Auto               ;
; Resource Aware Inference For Block RAM                                     ; On                 ; On                 ;
; Synthesis Seed                                                             ; 1                  ; 1                  ;
+----------------------------------------------------------------------------+--------------------+--------------------+


Parallel compilation was disabled, but you have multiple processors available. Enable parallel compilation to reduce compilation time.
+-------------------------------------+
; Parallel Compilation                ;
+----------------------------+--------+
; Processors                 ; Number ;
+----------------------------+--------+
; Number detected on machine ; 12     ;
; Maximum allowed            ; 1      ;
+----------------------------+--------+


+-------------------------------------------------------------------------------------------------------------------------------------------------------------------------------------------------------------------------------------+
; Analysis & Synthesis Source Files Read                                                                                                                                                                                              ;
+----------------------------------+-----------------+-----------------+----------------------------------------------------------------------------------------------------------------------------------------------------+---------+
; File Name with User-Entered Path ; Used in Netlist ; File Type       ; File Name with Absolute Path                                                                                                                       ; Library ;
+----------------------------------+-----------------+-----------------+----------------------------------------------------------------------------------------------------------------------------------------------------+---------+
; ula.vhd                          ; yes             ; User VHDL File  ; C:/Users/mateu/OneDrive/Documents/Projeto de VHDL/descricao-de-circuitos-master/descricao-de-circuitos-master/projeto final/ula.vhd                ;         ;
; subtrator4bits.vhd               ; yes             ; User VHDL File  ; C:/Users/mateu/OneDrive/Documents/Projeto de VHDL/descricao-de-circuitos-master/descricao-de-circuitos-master/projeto final/subtrator4bits.vhd     ;         ;
; somador_completo.vhd             ; yes             ; User VHDL File  ; C:/Users/mateu/OneDrive/Documents/Projeto de VHDL/descricao-de-circuitos-master/descricao-de-circuitos-master/projeto final/somador_completo.vhd   ;         ;
; somador4bits.vhd                 ; yes             ; User VHDL File  ; C:/Users/mateu/OneDrive/Documents/Projeto de VHDL/descricao-de-circuitos-master/descricao-de-circuitos-master/projeto final/somador4bits.vhd       ;         ;
; Projeto_final.vhdl               ; yes             ; User VHDL File  ; C:/Users/mateu/OneDrive/Documents/Projeto de VHDL/descricao-de-circuitos-master/descricao-de-circuitos-master/projeto final/Projeto_final.vhdl     ;         ;
; porta_xor.vhd                    ; yes             ; User VHDL File  ; C:/Users/mateu/OneDrive/Documents/Projeto de VHDL/descricao-de-circuitos-master/descricao-de-circuitos-master/projeto final/porta_xor.vhd          ;         ;
; porta_nand.vhd                   ; yes             ; User VHDL File  ; C:/Users/mateu/OneDrive/Documents/Projeto de VHDL/descricao-de-circuitos-master/descricao-de-circuitos-master/projeto final/porta_nand.vhd         ;         ;
; multiplicador4bits.vhd           ; yes             ; User VHDL File  ; C:/Users/mateu/OneDrive/Documents/Projeto de VHDL/descricao-de-circuitos-master/descricao-de-circuitos-master/projeto final/multiplicador4bits.vhd ;         ;
; display_7seg.vhd                 ; yes             ; User VHDL File  ; C:/Users/mateu/OneDrive/Documents/Projeto de VHDL/descricao-de-circuitos-master/descricao-de-circuitos-master/projeto final/display_7seg.vhd       ;         ;
; bloco_de_controle.vhd            ; yes             ; User VHDL File  ; C:/Users/mateu/OneDrive/Documents/Projeto de VHDL/descricao-de-circuitos-master/descricao-de-circuitos-master/projeto final/bloco_de_controle.vhd  ;         ;
+----------------------------------+-----------------+-----------------+----------------------------------------------------------------------------------------------------------------------------------------------------+---------+


+-----------------------------------------------------+
; Analysis & Synthesis Resource Usage Summary         ;
+---------------------------------------------+-------+
; Resource                                    ; Usage ;
+---------------------------------------------+-------+
; Estimated Total logic elements              ; 7     ;
;                                             ;       ;
; Total combinational functions               ; 7     ;
; Logic element usage by number of LUT inputs ;       ;
;     -- 4 input functions                    ; 0     ;
;     -- 3 input functions                    ; 7     ;
;     -- <=2 input functions                  ; 0     ;
;                                             ;       ;
; Logic elements by mode                      ;       ;
;     -- normal mode                          ; 7     ;
;     -- arithmetic mode                      ; 0     ;
;                                             ;       ;
; Total registers                             ; 7     ;
;     -- Dedicated logic registers            ; 7     ;
;     -- I/O registers                        ; 0     ;
;                                             ;       ;
; I/O pins                                    ; 15    ;
; Embedded Multiplier 9-bit elements          ; 0     ;
; Maximum fan-out node                        ; start ;
; Maximum fan-out                             ; 7     ;
; Total fan-out                               ; 43    ;
; Average fan-out                             ; 1.48  ;
+---------------------------------------------+-------+


+------------------------------------------------------------------------------------------------------------------------------------------------------------------------------------------------------------------+
; Analysis & Synthesis Resource Utilization by Entity                                                                                                                                                              ;
+--------------------------------------+-------------------+--------------+-------------+--------------+---------+-----------+------+--------------+------------------------------------------------+--------------+
; Compilation Hierarchy Node           ; LC Combinationals ; LC Registers ; Memory Bits ; DSP Elements ; DSP 9x9 ; DSP 18x18 ; Pins ; Virtual Pins ; Full Hierarchy Name                            ; Library Name ;
+--------------------------------------+-------------------+--------------+-------------+--------------+---------+-----------+------+--------------+------------------------------------------------+--------------+
; |Projeto_final                       ; 7 (0)             ; 7 (0)        ; 0           ; 0            ; 0       ; 0         ; 15   ; 0            ; |Projeto_final                                 ; work         ;
;    |bloco_de_controle:controle_inst| ; 7 (7)             ; 7 (7)        ; 0           ; 0            ; 0       ; 0         ; 0    ; 0            ; |Projeto_final|bloco_de_controle:controle_inst ; work         ;
+--------------------------------------+-------------------+--------------+-------------+--------------+---------+-----------+------+--------------+------------------------------------------------+--------------+
Note: For table entries with two numbers listed, the numbers in parentheses indicate the number of resources of the given type used by the specific entity alone. The numbers listed outside of parentheses indicate the total resources of the given type used by the specific entity and all of its sub-entities in the hierarchy.


Encoding Type:  One-Hot
+----------------------------------------------------------------------------------------------------------------------------------------------------------------------------------------+
; State Machine - |Projeto_final|bloco_de_controle:controle_inst|estado_atual                                                                                                            ;
+------------------------+------------------------+---------------------+----------------------+-----------------------+-----------------------+---------------------+-------------------+
; Name                   ; estado_atual.resetando ; estado_atual.mostra ; estado_atual.executa ; estado_atual.digita_B ; estado_atual.digita_A ; estado_atual.sel_op ; estado_atual.idle ;
+------------------------+------------------------+---------------------+----------------------+-----------------------+-----------------------+---------------------+-------------------+
; estado_atual.idle      ; 0                      ; 0                   ; 0                    ; 0                     ; 0                     ; 0                   ; 0                 ;
; estado_atual.sel_op    ; 0                      ; 0                   ; 0                    ; 0                     ; 0                     ; 1                   ; 1                 ;
; estado_atual.digita_A  ; 0                      ; 0                   ; 0                    ; 0                     ; 1                     ; 0                   ; 1                 ;
; estado_atual.digita_B  ; 0                      ; 0                   ; 0                    ; 1                     ; 0                     ; 0                   ; 1                 ;
; estado_atual.executa   ; 0                      ; 0                   ; 1                    ; 0                     ; 0                     ; 0                   ; 1                 ;
; estado_atual.mostra    ; 0                      ; 1                   ; 0                    ; 0                     ; 0                     ; 0                   ; 1                 ;
; estado_atual.resetando ; 1                      ; 0                   ; 0                    ; 0                     ; 0                     ; 0                   ; 1                 ;
+------------------------+------------------------+---------------------+----------------------+-----------------------+-----------------------+---------------------+-------------------+


+------------------------------------------------------+
; General Register Statistics                          ;
+----------------------------------------------+-------+
; Statistic                                    ; Value ;
+----------------------------------------------+-------+
; Total registers                              ; 7     ;
; Number of registers using Synchronous Clear  ; 0     ;
; Number of registers using Synchronous Load   ; 0     ;
; Number of registers using Asynchronous Clear ; 7     ;
; Number of registers using Asynchronous Load  ; 0     ;
; Number of registers using Clock Enable       ; 0     ;
; Number of registers using Preset             ; 0     ;
+----------------------------------------------+-------+


+-------------------------------------------------------------------------------------------------------------------------+
; Port Connectivity Checks: "ula:ula_inst|multiplicador4bits:mult_inst"                                                   ;
+---------------+--------+----------+-------------------------------------------------------------------------------------+
; Port          ; Type   ; Severity ; Details                                                                             ;
+---------------+--------+----------+-------------------------------------------------------------------------------------+
; produto[7..5] ; Output ; Info     ; Connected to dangling logic. Logic that only feeds a dangling port will be removed. ;
+---------------+--------+----------+-------------------------------------------------------------------------------------+


+------------------------------------------------------------------------------------------------------------------------+
; Port Connectivity Checks: "ula:ula_inst"                                                                               ;
+--------------+--------+----------+-------------------------------------------------------------------------------------+
; Port         ; Type   ; Severity ; Details                                                                             ;
+--------------+--------+----------+-------------------------------------------------------------------------------------+
; a[3]         ; Input  ; Info     ; Stuck at GND                                                                        ;
; a[2]         ; Input  ; Info     ; Stuck at VCC                                                                        ;
; a[1]         ; Input  ; Info     ; Stuck at GND                                                                        ;
; a[0]         ; Input  ; Info     ; Stuck at VCC                                                                        ;
; b[1..0]      ; Input  ; Info     ; Stuck at VCC                                                                        ;
; b[3..2]      ; Input  ; Info     ; Stuck at GND                                                                        ;
; cin          ; Input  ; Info     ; Stuck at GND                                                                        ;
; saida_logica ; Output ; Info     ; Connected to dangling logic. Logic that only feeds a dangling port will be removed. ;
; y            ; Output ; Info     ; Connected to dangling logic. Logic that only feeds a dangling port will be removed. ;
; cout         ; Output ; Info     ; Connected to dangling logic. Logic that only feeds a dangling port will be removed. ;
; display_out  ; Output ; Info     ; Connected to dangling logic. Logic that only feeds a dangling port will be removed. ;
+--------------+--------+----------+-------------------------------------------------------------------------------------+


+----------------------------------------------------------------------------------------------------------------------+
; Port Connectivity Checks: "bloco_de_controle:controle_inst"                                                          ;
+------------+--------+----------+-------------------------------------------------------------------------------------+
; Port       ; Type   ; Severity ; Details                                                                             ;
+------------+--------+----------+-------------------------------------------------------------------------------------+
; opcode[2]  ; Input  ; Info     ; Stuck at VCC                                                                        ;
; opcode[1]  ; Input  ; Info     ; Stuck at GND                                                                        ;
; opcode[0]  ; Input  ; Info     ; Stuck at VCC                                                                        ;
; a_reg      ; Output ; Info     ; Connected to dangling logic. Logic that only feeds a dangling port will be removed. ;
; b_reg      ; Output ; Info     ; Connected to dangling logic. Logic that only feeds a dangling port will be removed. ;
; op_reg     ; Output ; Info     ; Connected to dangling logic. Logic that only feeds a dangling port will be removed. ;
; estado_dbg ; Output ; Info     ; Connected to dangling logic. Logic that only feeds a dangling port will be removed. ;
+------------+--------+----------+-------------------------------------------------------------------------------------+


+-------------------------------+
; Elapsed Time Per Partition    ;
+----------------+--------------+
; Partition Name ; Elapsed Time ;
+----------------+--------------+
; Top            ; 00:00:00     ;
+----------------+--------------+


+-------------------------------+
; Analysis & Synthesis Messages ;
+-------------------------------+
Info: *******************************************************************
Info: Running Quartus II 64-Bit Analysis & Synthesis
    Info: Version 13.0.1 Build 232 06/12/2013 Service Pack 1 SJ Web Edition
    Info: Processing started: Fri Dec 12 09:40:28 2025
Info: Command: quartus_map --read_settings_files=on --write_settings_files=off projeto_final -c projeto_final
Warning (20028): Parallel compilation is not licensed and has been disabled
Info (12021): Found 2 design units, including 1 entities, in source file ula.vhd
    Info (12022): Found design unit 1: ula-estrutural
    Info (12023): Found entity 1: ula
Info (12021): Found 2 design units, including 1 entities, in source file subtrator4bits.vhd
    Info (12022): Found design unit 1: subtrator4bits-comportamento
    Info (12023): Found entity 1: subtrator4bits
Info (12021): Found 2 design units, including 1 entities, in source file somador_completo.vhd
    Info (12022): Found design unit 1: somador_completo-comportamento
    Info (12023): Found entity 1: somador_completo
Info (12021): Found 2 design units, including 1 entities, in source file somador4bits.vhd
    Info (12022): Found design unit 1: somador4bits-comportamento
    Info (12023): Found entity 1: somador4bits
Info (12021): Found 2 design units, including 1 entities, in source file registrador.vhd
    Info (12022): Found design unit 1: registrador4bits-comportamento
    Info (12023): Found entity 1: registrador4bits
Info (12021): Found 2 design units, including 1 entities, in source file projeto_final.vhdl
    Info (12022): Found design unit 1: Projeto_final-comportamento
    Info (12023): Found entity 1: Projeto_final
Info (12021): Found 2 design units, including 1 entities, in source file porta_xor.vhd
    Info (12022): Found design unit 1: porta_xor-comportamento
    Info (12023): Found entity 1: porta_xor
Info (12021): Found 2 design units, including 1 entities, in source file porta_nand.vhd
    Info (12022): Found design unit 1: porta_nand-comportamento
    Info (12023): Found entity 1: porta_nand
Info (12021): Found 2 design units, including 1 entities, in source file oscilador.vhd
    Info (12022): Found design unit 1: oscilador-comportamento
    Info (12023): Found entity 1: oscilador
Warning (12090): Entity "mux" obtained from "mux.vhd" instead of from Quartus II megafunction library
Info (12021): Found 2 design units, including 1 entities, in source file mux.vhd
    Info (12022): Found design unit 1: mux-comportamento
    Info (12023): Found entity 1: mux
Info (12021): Found 2 design units, including 1 entities, in source file multiplicador4bits.vhd
    Info (12022): Found design unit 1: multiplicador4bits-comportamento
    Info (12023): Found entity 1: multiplicador4bits
Info (12021): Found 2 design units, including 1 entities, in source file display_7seg.vhd
    Info (12022): Found design unit 1: display_7seg-comportamento
    Info (12023): Found entity 1: display_7seg
Info (12021): Found 2 design units, including 1 entities, in source file bloco_de_controle.vhd
    Info (12022): Found design unit 1: bloco_de_controle-rtl
    Info (12023): Found entity 1: bloco_de_controle
Info (12127): Elaborating entity "projeto_final" for the top level hierarchy
Warning (10873): Using initial value X (don't care) for net "leds[6..5]" at Projeto_final.vhdl(10)
Info (12128): Elaborating entity "bloco_de_controle" for hierarchy "bloco_de_controle:controle_inst"
Info (12128): Elaborating entity "ula" for hierarchy "ula:ula_inst"
Warning (10541): VHDL Signal Declaration warning at ula.vhd(13): used implicit default value for signal "y" because signal was never assigned a value or an explicit default value. Use of implicit default value may introduce unintended design optimizations.
Warning (10492): VHDL Process Statement warning at ula.vhd(159): signal "sub_borrow" is read inside the Process Statement but isn't in the Process Statement's sensitivity list
Info (12128): Elaborating entity "somador4bits" for hierarchy "ula:ula_inst|somador4bits:somador_inst"
Info (12128): Elaborating entity "somador_completo" for hierarchy "ula:ula_inst|somador4bits:somador_inst|somador_completo:Unidade1"
Info (12128): Elaborating entity "subtrator4bits" for hierarchy "ula:ula_inst|subtrator4bits:subtrator_inst"
Info (12128): Elaborating entity "porta_nand" for hierarchy "ula:ula_inst|porta_nand:nand_inst"
Info (12128): Elaborating entity "porta_xor" for hierarchy "ula:ula_inst|porta_xor:xor_inst"
Info (12128): Elaborating entity "multiplicador4bits" for hierarchy "ula:ula_inst|multiplicador4bits:mult_inst"
Info (12128): Elaborating entity "display_7seg" for hierarchy "ula:ula_inst|display_7seg:D1"
Warning (13024): Output pins are stuck at VCC or GND
    Warning (13410): Pin "leds[0]" is stuck at GND
    Warning (13410): Pin "leds[1]" is stuck at GND
    Warning (13410): Pin "leds[2]" is stuck at GND
    Warning (13410): Pin "leds[3]" is stuck at GND
    Warning (13410): Pin "leds[4]" is stuck at GND
    Warning (13410): Pin "leds[5]" is stuck at GND
    Warning (13410): Pin "leds[6]" is stuck at GND
Info (16010): Generating hard_block partition "hard_block:auto_generated_inst"
    Info (16011): Adding 0 node(s), including 0 DDIO, 0 PLL, 0 transceiver and 0 LCELL
Warning (21074): Design contains 4 input pin(s) that do not drive logic
    Warning (15610): No output dependent on input pin "numero[0]"
    Warning (15610): No output dependent on input pin "numero[1]"
    Warning (15610): No output dependent on input pin "numero[2]"
    Warning (15610): No output dependent on input pin "numero[3]"
Info (21057): Implemented 22 device resources after synthesis - the final resource count might be different
    Info (21058): Implemented 7 input pins
    Info (21059): Implemented 8 output pins
    Info (21061): Implemented 7 logic cells
Info: Quartus II 64-Bit Analysis & Synthesis was successful. 0 errors, 18 warnings
    Info: Peak virtual memory: 4644 megabytes
    Info: Processing ended: Fri Dec 12 09:40:32 2025
    Info: Elapsed time: 00:00:04
    Info: Total CPU time (on all processors): 00:00:02


